# JRE version: OpenJDK Runtime Environment Microsoft-13106358 (17.0.18+8) (build 17.0.18+8-LTS)
# Java VM: OpenJDK 64-Bit Server VM Microsoft-13106358 (17.0.18+8-LTS, mixed mode, sharing, tiered, compressed oops, compressed class ptrs, g1 gc, windows-amd64)
GC Precious Log:
 CPUs: 16 total, 16 available
 Memory: 16122M
 Large Page Support: Disabled
 NUMA Support: Disabled
 Compressed Oops: Enabled (32-bit)
 Heap Region Size: 1M
 Heap Min Capacity: 8M
 Heap Initial Capacity: 252M
 Heap Max Capacity: 1536M
 Pre-touch: Disabled
 Parallel Workers: 13
 Concurrent Workers: 3
 Concurrent Refinement Workers: 13
 Periodic GC: Disabled
Heap:
 garbage-first heap   total 215040K, used 168977K [0x00000000a0000000, 0x0000000100000000)
  region size 1024K, 4 young (4096K), 3 survivors (3072K)
 Metaspace       used 122627K, committed 123648K, reserved 1179648K
  class space    used 16381K, committed 16896K, reserved 1048576K
GC Heap History (20 events):
Event: 46.148 GC heap before
{Heap before GC invocations=89 (full 0):
 garbage-first heap   total 215040K, used 181959K [0x00000000a0000000, 0x0000000100000000)
  region size 1024K, 30 young (30720K), 2 survivors (2048K)
 Metaspace       used 112215K, committed 113216K, reserved 1179648K
  class space    used 15211K, committed 15744K, reserved 1048576K
}
Event: 46.152 GC heap after
{Heap after GC invocations=90 (full 0):
 garbage-first heap   total 215040K, used 157659K [0x00000000a0000000, 0x0000000100000000)
  region size 1024K, 4 young (4096K), 4 survivors (4096K)
 Metaspace       used 112215K, committed 113216K, reserved 1179648K
  class space    used 15211K, committed 15744K, reserved 1048576K
}
Event: 46.743 GC heap before
{Heap before GC invocations=90 (full 0):
 garbage-first heap   total 215040K, used 183259K [0x00000000a0000000, 0x0000000100000000)
  region size 1024K, 30 young (30720K), 4 survivors (4096K)
 Metaspace       used 112290K, committed 113280K, reserved 1179648K
  class space    used 15219K, committed 15744K, reserved 1048576K
}
Event: 46.746 GC heap after
{Heap after GC invocations=91 (full 0):
 garbage-first heap   total 215040K, used 158913K [0x00000000a0000000, 0x0000000100000000)
  region size 1024K, 4 young (4096K), 4 survivors (4096K)
 Metaspace       used 112290K, committed 113280K, reserved 1179648K
  class space    used 15219K, committed 15744K, reserved 1048576K
}
Event: 47.444 GC heap before
{Heap before GC invocations=91 (full 0):
 garbage-first heap   total 215040K, used 182465K [0x00000000a0000000, 0x0000000100000000)
  region size 1024K, 28 young (28672K), 4 survivors (4096K)
 Metaspace       used 112572K, committed 113600K, reserved 1179648K
  class space    used 15258K, committed 15808K, reserved 1048576K
}
Event: 47.447 GC heap after
{Heap after GC invocations=92 (full 0):
 garbage-first heap   total 215040K, used 159566K [0x00000000a0000000, 0x0000000100000000)
  region size 1024K, 4 young (4096K), 4 survivors (4096K)
 Metaspace       used 112572K, committed 113600K, reserved 1179648K
  class space    used 15258K, committed 15808K, reserved 1048576K
}
Event: 47.783 GC heap before
{Heap before GC invocations=92 (full 0):
 garbage-first heap   total 215040K, used 182094K [0x00000000a0000000, 0x0000000100000000)
  region size 1024K, 27 young (27648K), 4 survivors (4096K)
 Metaspace       used 114446K, committed 115520K, reserved 1179648K
  class space    used 15458K, committed 16000K, reserved 1048576K
}
Event: 47.786 GC heap after
{Heap after GC invocations=93 (full 0):
 garbage-first heap   total 215040K, used 162144K [0x00000000a0000000, 0x0000000100000000)
  region size 1024K, 3 young (3072K), 3 survivors (3072K)
 Metaspace       used 114446K, committed 115520K, reserved 1179648K
  class space    used 15458K, committed 16000K, reserved 1048576K
}
Event: 87.019 GC heap before
{Heap before GC invocations=93 (full 0):
 garbage-first heap   total 215040K, used 182624K [0x00000000a0000000, 0x0000000100000000)
  region size 1024K, 24 young (24576K), 3 survivors (3072K)
 Metaspace       used 115976K, committed 116992K, reserved 1179648K
  class space    used 15693K, committed 16192K, reserved 1048576K
}
Event: 87.022 GC heap after
{Heap after GC invocations=94 (full 0):
 garbage-first heap   total 215040K, used 163636K [0x00000000a0000000, 0x0000000100000000)
  region size 1024K, 2 young (2048K), 2 survivors (2048K)
 Metaspace       used 115976K, committed 116992K, reserved 1179648K
  class space    used 15693K, committed 16192K, reserved 1048576K
}
Event: 87.667 GC heap before
{Heap before GC invocations=94 (full 0):
 garbage-first heap   total 215040K, used 184116K [0x00000000a0000000, 0x0000000100000000)
  region size 1024K, 23 young (23552K), 2 survivors (2048K)
 Metaspace       used 116181K, committed 117248K, reserved 1179648K
  class space    used 15717K, committed 16256K, reserved 1048576K
}
Event: 87.669 GC heap after
{Heap after GC invocations=95 (full 0):
 garbage-first heap   total 215040K, used 164284K [0x00000000a0000000, 0x0000000100000000)
  region size 1024K, 3 young (3072K), 3 survivors (3072K)
 Metaspace       used 116181K, committed 117248K, reserved 1179648K
  class space    used 15717K, committed 16256K, reserved 1048576K
}
Event: 109.470 GC heap before
{Heap before GC invocations=95 (full 0):
 garbage-first heap   total 215040K, used 184764K [0x00000000a0000000, 0x0000000100000000)
  region size 1024K, 24 young (24576K), 3 survivors (3072K)
 Metaspace       used 118072K, committed 119104K, reserved 1179648K
  class space    used 15953K, committed 16448K, reserved 1048576K
}
Event: 109.475 GC heap after
{Heap after GC invocations=96 (full 0):
 garbage-first heap   total 215040K, used 164788K [0x00000000a0000000, 0x0000000100000000)
  region size 1024K, 2 young (2048K), 2 survivors (2048K)
 Metaspace       used 118072K, committed 119104K, reserved 1179648K
  class space    used 15953K, committed 16448K, reserved 1048576K
}
Event: 109.887 GC heap before
{Heap before GC invocations=96 (full 0):
 garbage-first heap   total 215040K, used 185268K [0x00000000a0000000, 0x0000000100000000)
  region size 1024K, 23 young (23552K), 2 survivors (2048K)
 Metaspace       used 120873K, committed 121920K, reserved 1179648K
  class space    used 16243K, committed 16768K, reserved 1048576K
}
Event: 109.892 GC heap after
{Heap after GC invocations=97 (full 0):
 garbage-first heap   total 215040K, used 164939K [0x00000000a0000000, 0x0000000100000000)
  region size 1024K, 2 young (2048K), 2 survivors (2048K)
 Metaspace       used 120873K, committed 121920K, reserved 1179648K
  class space    used 16243K, committed 16768K, reserved 1048576K
}
Event: 371.190 GC heap before
{Heap before GC invocations=97 (full 0):
 garbage-first heap   total 215040K, used 186443K [0x00000000a0000000, 0x0000000100000000)
  region size 1024K, 24 young (24576K), 2 survivors (2048K)
 Metaspace       used 122512K, committed 123584K, reserved 1179648K
  class space    used 16376K, committed 16896K, reserved 1048576K
}
Event: 371.193 GC heap after
{Heap after GC invocations=98 (full 0):
 garbage-first heap   total 215040K, used 165595K [0x00000000a0000000, 0x0000000100000000)
  region size 1024K, 2 young (2048K), 2 survivors (2048K)
 Metaspace       used 122512K, committed 123584K, reserved 1179648K
  class space    used 16376K, committed 16896K, reserved 1048576K
}
Event: 371.249 GC heap before
{Heap before GC invocations=98 (full 0):
 garbage-first heap   total 215040K, used 188123K [0x00000000a0000000, 0x0000000100000000)
  region size 1024K, 24 young (24576K), 2 survivors (2048K)
 Metaspace       used 122563K, committed 123648K, reserved 1179648K
  class space    used 16377K, committed 16896K, reserved 1048576K
}
Event: 371.251 GC heap after
{Heap after GC invocations=99 (full 0):
 garbage-first heap   total 215040K, used 165934K [0x00000000a0000000, 0x0000000100000000)
  region size 1024K, 2 young (2048K), 2 survivors (2048K)
 Metaspace       used 122563K, committed 123648K, reserved 1179648K
  class space    used 16377K, committed 16896K, reserved 1048576K
}

