# JRE version: OpenJDK Runtime Environment Microsoft-13106358 (17.0.18+8) (build 17.0.18+8-LTS)
# Java VM: OpenJDK 64-Bit Server VM Microsoft-13106358 (17.0.18+8-LTS, mixed mode, sharing, tiered, compressed oops, compressed class ptrs, g1 gc, windows-amd64)
GC Precious Log:
 CPUs: 16 total, 16 available
 Memory: 16122M
 Large Page Support: Disabled
 NUMA Support: Disabled
 Compressed Oops: Enabled (32-bit)
 Heap Region Size: 1M
 Heap Min Capacity: 8M
 Heap Initial Capacity: 252M
 Heap Max Capacity: 1536M
 Pre-touch: Disabled
 Parallel Workers: 13
 Concurrent Workers: 3
 Concurrent Refinement Workers: 13
 Periodic GC: Disabled
Heap:
 garbage-first heap   total 266240K, used 211540K [0x00000000a0000000, 0x0000000100000000)
  region size 1024K, 2 young (2048K), 2 survivors (2048K)
 Metaspace       used 115912K, committed 116928K, reserved 1179648K
  class space    used 15625K, committed 16128K, reserved 1048576K
GC Heap History (20 events):
Event: 32.835 GC heap after
{Heap after GC invocations=63 (full 0):
 garbage-first heap   total 244736K, used 183518K [0x00000000a0000000, 0x0000000100000000)
  region size 1024K, 3 young (3072K), 3 survivors (3072K)
 Metaspace       used 109996K, committed 111040K, reserved 1179648K
  class space    used 14919K, committed 15488K, reserved 1048576K
}
Event: 33.994 GC heap before
{Heap before GC invocations=63 (full 0):
 garbage-first heap   total 244736K, used 210142K [0x00000000a0000000, 0x0000000100000000)
  region size 1024K, 29 young (29696K), 3 survivors (3072K)
 Metaspace       used 111738K, committed 112832K, reserved 1179648K
  class space    used 15136K, committed 15680K, reserved 1048576K
}
Event: 34.001 GC heap after
{Heap after GC invocations=64 (full 0):
 garbage-first heap   total 244736K, used 184942K [0x00000000a0000000, 0x0000000100000000)
  region size 1024K, 3 young (3072K), 3 survivors (3072K)
 Metaspace       used 111738K, committed 112832K, reserved 1179648K
  class space    used 15136K, committed 15680K, reserved 1048576K
}
Event: 39.485 GC heap before
{Heap before GC invocations=64 (full 0):
 garbage-first heap   total 244736K, used 212590K [0x00000000a0000000, 0x0000000100000000)
  region size 1024K, 30 young (30720K), 3 survivors (3072K)
 Metaspace       used 114125K, committed 115200K, reserved 1179648K
  class space    used 15416K, committed 15936K, reserved 1048576K
}
Event: 39.489 GC heap after
{Heap after GC invocations=65 (full 0):
 garbage-first heap   total 244736K, used 186592K [0x00000000a0000000, 0x0000000100000000)
  region size 1024K, 4 young (4096K), 4 survivors (4096K)
 Metaspace       used 114125K, committed 115200K, reserved 1179648K
  class space    used 15416K, committed 15936K, reserved 1048576K
}
Event: 43.487 GC heap before
{Heap before GC invocations=65 (full 0):
 garbage-first heap   total 244736K, used 211168K [0x00000000a0000000, 0x0000000100000000)
  region size 1024K, 29 young (29696K), 4 survivors (4096K)
 Metaspace       used 115527K, committed 116608K, reserved 1179648K
  class space    used 15595K, committed 16128K, reserved 1048576K
}
Event: 43.493 GC heap after
{Heap after GC invocations=66 (full 0):
 garbage-first heap   total 244736K, used 190150K [0x00000000a0000000, 0x0000000100000000)
  region size 1024K, 4 young (4096K), 4 survivors (4096K)
 Metaspace       used 115527K, committed 116608K, reserved 1179648K
  class space    used 15595K, committed 16128K, reserved 1048576K
}
Event: 44.549 GC heap before
{Heap before GC invocations=66 (full 0):
 garbage-first heap   total 244736K, used 212678K [0x00000000a0000000, 0x0000000100000000)
  region size 1024K, 26 young (26624K), 4 survivors (4096K)
 Metaspace       used 115634K, committed 116672K, reserved 1179648K
  class space    used 15603K, committed 16128K, reserved 1048576K
}
Event: 44.559 GC heap after
{Heap after GC invocations=67 (full 0):
 garbage-first heap   total 244736K, used 195421K [0x00000000a0000000, 0x0000000100000000)
  region size 1024K, 4 young (4096K), 4 survivors (4096K)
 Metaspace       used 115634K, committed 116672K, reserved 1179648K
  class space    used 15603K, committed 16128K, reserved 1048576K
}
Event: 44.975 GC heap before
{Heap before GC invocations=67 (full 0):
 garbage-first heap   total 244736K, used 211805K [0x00000000a0000000, 0x0000000100000000)
  region size 1024K, 20 young (20480K), 4 survivors (4096K)
 Metaspace       used 115812K, committed 116800K, reserved 1179648K
  class space    used 15619K, committed 16128K, reserved 1048576K
}
Event: 44.980 GC heap after
{Heap after GC invocations=68 (full 0):
 garbage-first heap   total 244736K, used 200629K [0x00000000a0000000, 0x0000000100000000)
  region size 1024K, 3 young (3072K), 3 survivors (3072K)
 Metaspace       used 115812K, committed 116800K, reserved 1179648K
  class space    used 15619K, committed 16128K, reserved 1048576K
}
Event: 45.028 GC heap before
{Heap before GC invocations=68 (full 0):
 garbage-first heap   total 244736K, used 211893K [0x00000000a0000000, 0x0000000100000000)
  region size 1024K, 14 young (14336K), 3 survivors (3072K)
 Metaspace       used 115909K, committed 116928K, reserved 1179648K
  class space    used 15625K, committed 16128K, reserved 1048576K
}
Event: 45.032 GC heap after
{Heap after GC invocations=69 (full 0):
 garbage-first heap   total 244736K, used 205387K [0x00000000a0000000, 0x0000000100000000)
  region size 1024K, 2 young (2048K), 2 survivors (2048K)
 Metaspace       used 115909K, committed 116928K, reserved 1179648K
  class space    used 15625K, committed 16128K, reserved 1048576K
}
Event: 45.049 GC heap before
{Heap before GC invocations=69 (full 0):
 garbage-first heap   total 244736K, used 213579K [0x00000000a0000000, 0x0000000100000000)
  region size 1024K, 11 young (11264K), 2 survivors (2048K)
 Metaspace       used 115911K, committed 116928K, reserved 1179648K
  class space    used 15625K, committed 16128K, reserved 1048576K
}
Event: 45.051 GC heap after
{Heap after GC invocations=70 (full 0):
 garbage-first heap   total 244736K, used 207675K [0x00000000a0000000, 0x0000000100000000)
  region size 1024K, 2 young (2048K), 2 survivors (2048K)
 Metaspace       used 115911K, committed 116928K, reserved 1179648K
  class space    used 15625K, committed 16128K, reserved 1048576K
}
Event: 45.067 GC heap before
{Heap before GC invocations=70 (full 0):
 garbage-first heap   total 244736K, used 216891K [0x00000000a0000000, 0x0000000100000000)
  region size 1024K, 11 young (11264K), 2 survivors (2048K)
 Metaspace       used 115911K, committed 116928K, reserved 1179648K
  class space    used 15625K, committed 16128K, reserved 1048576K
}
Event: 45.069 GC heap after
{Heap after GC invocations=71 (full 0):
 garbage-first heap   total 244736K, used 209243K [0x00000000a0000000, 0x0000000100000000)
  region size 1024K, 2 young (2048K), 2 survivors (2048K)
 Metaspace       used 115911K, committed 116928K, reserved 1179648K
  class space    used 15625K, committed 16128K, reserved 1048576K
}
Event: 45.090 GC heap before
{Heap before GC invocations=71 (full 0):
 garbage-first heap   total 244736K, used 218459K [0x00000000a0000000, 0x0000000100000000)
  region size 1024K, 11 young (11264K), 2 survivors (2048K)
 Metaspace       used 115912K, committed 116928K, reserved 1179648K
  class space    used 15625K, committed 16128K, reserved 1048576K
}
Event: 45.092 GC heap after
{Heap after GC invocations=72 (full 0):
 garbage-first heap   total 244736K, used 210642K [0x00000000a0000000, 0x0000000100000000)
  region size 1024K, 2 young (2048K), 2 survivors (2048K)
 Metaspace       used 115912K, committed 116928K, reserved 1179648K
  class space    used 15625K, committed 16128K, reserved 1048576K
}
Event: 45.117 GC heap before
{Heap before GC invocations=72 (full 0):
 garbage-first heap   total 244736K, used 219858K [0x00000000a0000000, 0x0000000100000000)
  region size 1024K, 11 young (11264K), 2 survivors (2048K)
 Metaspace       used 115912K, committed 116928K, reserved 1179648K
  class space    used 15625K, committed 16128K, reserved 1048576K
}

