# JRE version: OpenJDK Runtime Environment Microsoft-13106358 (17.0.18+8) (build 17.0.18+8-LTS)
# Java VM: OpenJDK 64-Bit Server VM Microsoft-13106358 (17.0.18+8-LTS, mixed mode, sharing, tiered, compressed oops, compressed class ptrs, g1 gc, windows-amd64)
GC Precious Log:
 CPUs: 16 total, 16 available
 Memory: 16122M
 Large Page Support: Disabled
 NUMA Support: Disabled
 Compressed Oops: Enabled (32-bit)
 Heap Region Size: 1M
 Heap Min Capacity: 8M
 Heap Initial Capacity: 252M
 Heap Max Capacity: 1536M
 Pre-touch: Disabled
 Parallel Workers: 13
 Concurrent Workers: 3
 Concurrent Refinement Workers: 13
 Periodic GC: Disabled
Heap:
 garbage-first heap   total 313344K, used 243248K [0x00000000a0000000, 0x0000000100000000)
  region size 1024K, 34 young (34816K), 6 survivors (6144K)
 Metaspace       used 140162K, committed 141248K, reserved 1179648K
  class space    used 17965K, committed 18432K, reserved 1048576K
GC Heap History (20 events):
Event: 10.378 GC heap before
{Heap before GC invocations=35 (full 0):
 garbage-first heap   total 261120K, used 161199K [0x00000000a0000000, 0x0000000100000000)
  region size 1024K, 12 young (12288K), 7 survivors (7168K)
 Metaspace       used 94432K, committed 95296K, reserved 1179648K
  class space    used 12838K, committed 13248K, reserved 1048576K
}
Event: 10.382 GC heap after
{Heap after GC invocations=36 (full 0):
 garbage-first heap   total 313344K, used 155531K [0x00000000a0000000, 0x0000000100000000)
  region size 1024K, 2 young (2048K), 2 survivors (2048K)
 Metaspace       used 94432K, committed 95296K, reserved 1179648K
  class space    used 12838K, committed 13248K, reserved 1048576K
}
Event: 11.306 GC heap before
{Heap before GC invocations=36 (full 0):
 garbage-first heap   total 313344K, used 246667K [0x00000000a0000000, 0x0000000100000000)
  region size 1024K, 91 young (93184K), 2 survivors (2048K)
 Metaspace       used 100383K, committed 101248K, reserved 1179648K
  class space    used 13456K, committed 13888K, reserved 1048576K
}
Event: 11.310 GC heap after
{Heap after GC invocations=37 (full 0):
 garbage-first heap   total 313344K, used 159878K [0x00000000a0000000, 0x0000000100000000)
  region size 1024K, 7 young (7168K), 7 survivors (7168K)
 Metaspace       used 100383K, committed 101248K, reserved 1179648K
  class space    used 13456K, committed 13888K, reserved 1048576K
}
Event: 12.296 GC heap before
{Heap before GC invocations=37 (full 0):
 garbage-first heap   total 313344K, used 248966K [0x00000000a0000000, 0x0000000100000000)
  region size 1024K, 95 young (97280K), 7 survivors (7168K)
 Metaspace       used 113337K, committed 114240K, reserved 1179648K
  class space    used 14781K, committed 15232K, reserved 1048576K
}
Event: 12.299 GC heap after
{Heap after GC invocations=38 (full 0):
 garbage-first heap   total 313344K, used 163095K [0x00000000a0000000, 0x0000000100000000)
  region size 1024K, 10 young (10240K), 10 survivors (10240K)
 Metaspace       used 113337K, committed 114240K, reserved 1179648K
  class space    used 14781K, committed 15232K, reserved 1048576K
}
Event: 13.286 GC heap before
{Heap before GC invocations=38 (full 0):
 garbage-first heap   total 313344K, used 260375K [0x00000000a0000000, 0x0000000100000000)
  region size 1024K, 99 young (101376K), 10 survivors (10240K)
 Metaspace       used 120448K, committed 121408K, reserved 1179648K
  class space    used 15585K, committed 16000K, reserved 1048576K
}
Event: 13.291 GC heap after
{Heap after GC invocations=39 (full 0):
 garbage-first heap   total 313344K, used 176330K [0x00000000a0000000, 0x0000000100000000)
  region size 1024K, 11 young (11264K), 11 survivors (11264K)
 Metaspace       used 120448K, committed 121408K, reserved 1179648K
  class space    used 15585K, committed 16000K, reserved 1048576K
}
Event: 13.971 GC heap before
{Heap before GC invocations=39 (full 0):
 garbage-first heap   total 313344K, used 261322K [0x00000000a0000000, 0x0000000100000000)
  region size 1024K, 89 young (91136K), 11 survivors (11264K)
 Metaspace       used 127238K, committed 128256K, reserved 1179648K
  class space    used 16426K, committed 16896K, reserved 1048576K
}
Event: 13.976 GC heap after
{Heap after GC invocations=40 (full 0):
 garbage-first heap   total 313344K, used 183613K [0x00000000a0000000, 0x0000000100000000)
  region size 1024K, 7 young (7168K), 7 survivors (7168K)
 Metaspace       used 127238K, committed 128256K, reserved 1179648K
  class space    used 16426K, committed 16896K, reserved 1048576K
}
Event: 14.666 GC heap before
{Heap before GC invocations=40 (full 0):
 garbage-first heap   total 313344K, used 258365K [0x00000000a0000000, 0x0000000100000000)
  region size 1024K, 80 young (81920K), 7 survivors (7168K)
 Metaspace       used 133246K, committed 134208K, reserved 1179648K
  class space    used 17210K, committed 17664K, reserved 1048576K
}
Event: 14.670 GC heap after
{Heap after GC invocations=41 (full 0):
 garbage-first heap   total 313344K, used 187460K [0x00000000a0000000, 0x0000000100000000)
  region size 1024K, 5 young (5120K), 5 survivors (5120K)
 Metaspace       used 133246K, committed 134208K, reserved 1179648K
  class space    used 17210K, committed 17664K, reserved 1048576K
}
Event: 15.284 GC heap before
{Heap before GC invocations=41 (full 0):
 garbage-first heap   total 313344K, used 263236K [0x00000000a0000000, 0x0000000100000000)
  region size 1024K, 77 young (78848K), 5 survivors (5120K)
 Metaspace       used 137443K, committed 138432K, reserved 1179648K
  class space    used 17830K, committed 18304K, reserved 1048576K
}
Event: 15.288 GC heap after
{Heap after GC invocations=42 (full 0):
 garbage-first heap   total 313344K, used 196004K [0x00000000a0000000, 0x0000000100000000)
  region size 1024K, 10 young (10240K), 10 survivors (10240K)
 Metaspace       used 137443K, committed 138432K, reserved 1179648K
  class space    used 17830K, committed 18304K, reserved 1048576K
}
Event: 15.605 GC heap before
{Heap before GC invocations=42 (full 0):
 garbage-first heap   total 313344K, used 263588K [0x00000000a0000000, 0x0000000100000000)
  region size 1024K, 75 young (76800K), 10 survivors (10240K)
 Metaspace       used 137586K, committed 138560K, reserved 1179648K
  class space    used 17843K, committed 18304K, reserved 1048576K
}
Event: 15.611 GC heap after
{Heap after GC invocations=43 (full 0):
 garbage-first heap   total 313344K, used 203922K [0x00000000a0000000, 0x0000000100000000)
  region size 1024K, 10 young (10240K), 10 survivors (10240K)
 Metaspace       used 137586K, committed 138560K, reserved 1179648K
  class space    used 17843K, committed 18304K, reserved 1048576K
}
Event: 17.042 GC heap before
{Heap before GC invocations=43 (full 0):
 garbage-first heap   total 313344K, used 262290K [0x00000000a0000000, 0x0000000100000000)
  region size 1024K, 66 young (67584K), 10 survivors (10240K)
 Metaspace       used 137873K, committed 138816K, reserved 1179648K
  class space    used 17854K, committed 18304K, reserved 1048576K
}
Event: 17.047 GC heap after
{Heap after GC invocations=44 (full 0):
 garbage-first heap   total 313344K, used 210138K [0x00000000a0000000, 0x0000000100000000)
  region size 1024K, 7 young (7168K), 7 survivors (7168K)
 Metaspace       used 137873K, committed 138816K, reserved 1179648K
  class space    used 17854K, committed 18304K, reserved 1048576K
}
Event: 19.108 GC heap before
{Heap before GC invocations=44 (full 0):
 garbage-first heap   total 313344K, used 262362K [0x00000000a0000000, 0x0000000100000000)
  region size 1024K, 58 young (59392K), 7 survivors (7168K)
 Metaspace       used 138571K, committed 139584K, reserved 1179648K
  class space    used 17905K, committed 18368K, reserved 1048576K
}
Event: 19.112 GC heap after
{Heap after GC invocations=45 (full 0):
 garbage-first heap   total 313344K, used 215600K [0x00000000a0000000, 0x0000000100000000)
  region size 1024K, 6 young (6144K), 6 survivors (6144K)
 Metaspace       used 138571K, committed 139584K, reserved 1179648K
  class space    used 17905K, committed 18368K, reserved 1048576K
}

