# JRE version: OpenJDK Runtime Environment Microsoft-13106358 (17.0.18+8) (build 17.0.18+8-LTS)
# Java VM: OpenJDK 64-Bit Server VM Microsoft-13106358 (17.0.18+8-LTS, mixed mode, sharing, tiered, compressed oops, compressed class ptrs, g1 gc, windows-amd64)
GC Precious Log:
 CPUs: 16 total, 16 available
 Memory: 16122M
 Large Page Support: Disabled
 NUMA Support: Disabled
 Compressed Oops: Enabled (32-bit)
 Heap Region Size: 1M
 Heap Min Capacity: 8M
 Heap Initial Capacity: 252M
 Heap Max Capacity: 768M
 Pre-touch: Disabled
 Parallel Workers: 13
 Concurrent Workers: 3
 Concurrent Refinement Workers: 13
 Periodic GC: Disabled
Heap:
 garbage-first heap   total 242688K, used 155953K [0x00000000d0000000, 0x0000000100000000)
  region size 1024K, 6 young (6144K), 5 survivors (5120K)
 Metaspace       used 107346K, committed 108352K, reserved 1179648K
  class space    used 14775K, committed 15296K, reserved 1048576K
GC Heap History (20 events):
Event: 14.010 GC heap before
{Heap before GC invocations=41 (full 0):
 garbage-first heap   total 219136K, used 180901K [0x00000000d0000000, 0x0000000100000000)
  region size 1024K, 51 young (52224K), 5 survivors (5120K)
 Metaspace       used 102855K, committed 103744K, reserved 1179648K
  class space    used 14208K, committed 14656K, reserved 1048576K
}
Event: 14.014 GC heap after
{Heap after GC invocations=42 (full 0):
 garbage-first heap   total 219136K, used 136582K [0x00000000d0000000, 0x0000000100000000)
  region size 1024K, 5 young (5120K), 5 survivors (5120K)
 Metaspace       used 102855K, committed 103744K, reserved 1179648K
  class space    used 14208K, committed 14656K, reserved 1048576K
}
Event: 14.079 GC heap before
{Heap before GC invocations=42 (full 0):
 garbage-first heap   total 219136K, used 181638K [0x00000000d0000000, 0x0000000100000000)
  region size 1024K, 50 young (51200K), 5 survivors (5120K)
 Metaspace       used 102856K, committed 103744K, reserved 1179648K
  class space    used 14208K, committed 14656K, reserved 1048576K
}
Event: 14.083 GC heap after
{Heap after GC invocations=43 (full 0):
 garbage-first heap   total 219136K, used 138172K [0x00000000d0000000, 0x0000000100000000)
  region size 1024K, 4 young (4096K), 4 survivors (4096K)
 Metaspace       used 102856K, committed 103744K, reserved 1179648K
  class space    used 14208K, committed 14656K, reserved 1048576K
}
Event: 14.308 GC heap before
{Heap before GC invocations=43 (full 0):
 garbage-first heap   total 219136K, used 182204K [0x00000000d0000000, 0x0000000100000000)
  region size 1024K, 48 young (49152K), 4 survivors (4096K)
 Metaspace       used 103211K, committed 104128K, reserved 1179648K
  class space    used 14250K, committed 14720K, reserved 1048576K
}
Event: 14.311 GC heap after
{Heap after GC invocations=44 (full 0):
 garbage-first heap   total 219136K, used 141855K [0x00000000d0000000, 0x0000000100000000)
  region size 1024K, 6 young (6144K), 6 survivors (6144K)
 Metaspace       used 103211K, committed 104128K, reserved 1179648K
  class space    used 14250K, committed 14720K, reserved 1048576K
}
Event: 14.454 GC heap before
{Heap before GC invocations=44 (full 0):
 garbage-first heap   total 219136K, used 181791K [0x00000000d0000000, 0x0000000100000000)
  region size 1024K, 46 young (47104K), 6 survivors (6144K)
 Metaspace       used 103289K, committed 104256K, reserved 1179648K
  class space    used 14257K, committed 14720K, reserved 1048576K
}
Event: 14.458 GC heap after
{Heap after GC invocations=45 (full 0):
 garbage-first heap   total 219136K, used 144451K [0x00000000d0000000, 0x0000000100000000)
  region size 1024K, 5 young (5120K), 5 survivors (5120K)
 Metaspace       used 103289K, committed 104256K, reserved 1179648K
  class space    used 14257K, committed 14720K, reserved 1048576K
}
Event: 14.807 GC heap before
{Heap before GC invocations=45 (full 0):
 garbage-first heap   total 219136K, used 182339K [0x00000000d0000000, 0x0000000100000000)
  region size 1024K, 43 young (44032K), 5 survivors (5120K)
 Metaspace       used 104717K, committed 105664K, reserved 1179648K
  class space    used 14444K, committed 14912K, reserved 1048576K
}
Event: 14.810 GC heap after
{Heap after GC invocations=46 (full 0):
 garbage-first heap   total 219136K, used 146468K [0x00000000d0000000, 0x0000000100000000)
  region size 1024K, 5 young (5120K), 5 survivors (5120K)
 Metaspace       used 104717K, committed 105664K, reserved 1179648K
  class space    used 14444K, committed 14912K, reserved 1048576K
}
Event: 14.974 GC heap before
{Heap before GC invocations=46 (full 0):
 garbage-first heap   total 219136K, used 181284K [0x00000000d0000000, 0x0000000100000000)
  region size 1024K, 40 young (40960K), 5 survivors (5120K)
 Metaspace       used 106112K, committed 107072K, reserved 1179648K
  class space    used 14585K, committed 15040K, reserved 1048576K
}
Event: 14.977 GC heap after
{Heap after GC invocations=47 (full 0):
 garbage-first heap   total 219136K, used 148916K [0x00000000d0000000, 0x0000000100000000)
  region size 1024K, 5 young (5120K), 5 survivors (5120K)
 Metaspace       used 106112K, committed 107072K, reserved 1179648K
  class space    used 14585K, committed 15040K, reserved 1048576K
}
Event: 15.027 GC heap before
{Heap before GC invocations=47 (full 0):
 garbage-first heap   total 219136K, used 181684K [0x00000000d0000000, 0x0000000100000000)
  region size 1024K, 38 young (38912K), 5 survivors (5120K)
 Metaspace       used 106606K, committed 107520K, reserved 1179648K
  class space    used 14647K, committed 15104K, reserved 1048576K
}
Event: 15.030 GC heap after
{Heap after GC invocations=48 (full 0):
 garbage-first heap   total 219136K, used 150544K [0x00000000d0000000, 0x0000000100000000)
  region size 1024K, 4 young (4096K), 4 survivors (4096K)
 Metaspace       used 106606K, committed 107520K, reserved 1179648K
  class space    used 14647K, committed 15104K, reserved 1048576K
}
Event: 15.074 GC heap before
{Heap before GC invocations=48 (full 0):
 garbage-first heap   total 219136K, used 182288K [0x00000000d0000000, 0x0000000100000000)
  region size 1024K, 36 young (36864K), 4 survivors (4096K)
 Metaspace       used 106867K, committed 107840K, reserved 1179648K
  class space    used 14686K, committed 15168K, reserved 1048576K
}
Event: 15.077 GC heap after
{Heap after GC invocations=49 (full 0):
 garbage-first heap   total 219136K, used 151598K [0x00000000d0000000, 0x0000000100000000)
  region size 1024K, 4 young (4096K), 4 survivors (4096K)
 Metaspace       used 106867K, committed 107840K, reserved 1179648K
  class space    used 14686K, committed 15168K, reserved 1048576K
}
Event: 15.125 GC heap before
{Heap before GC invocations=49 (full 0):
 garbage-first heap   total 219136K, used 183342K [0x00000000d0000000, 0x0000000100000000)
  region size 1024K, 36 young (36864K), 4 survivors (4096K)
 Metaspace       used 107171K, committed 108160K, reserved 1179648K
  class space    used 14744K, committed 15232K, reserved 1048576K
}
Event: 15.128 GC heap after
{Heap after GC invocations=50 (full 0):
 garbage-first heap   total 242688K, used 153345K [0x00000000d0000000, 0x0000000100000000)
  region size 1024K, 5 young (5120K), 5 survivors (5120K)
 Metaspace       used 107171K, committed 108160K, reserved 1179648K
  class space    used 14744K, committed 15232K, reserved 1048576K
}
Event: 15.194 GC heap before
{Heap before GC invocations=50 (full 0):
 garbage-first heap   total 242688K, used 200449K [0x00000000d0000000, 0x0000000100000000)
  region size 1024K, 52 young (53248K), 5 survivors (5120K)
 Metaspace       used 107302K, committed 108288K, reserved 1179648K
  class space    used 14767K, committed 15296K, reserved 1048576K
}
Event: 15.197 GC heap after
{Heap after GC invocations=51 (full 0):
 garbage-first heap   total 242688K, used 154701K [0x00000000d0000000, 0x0000000100000000)
  region size 1024K, 4 young (4096K), 4 survivors (4096K)
 Metaspace       used 107302K, committed 108288K, reserved 1179648K
  class space    used 14767K, committed 15296K, reserved 1048576K
}

