# JRE version: OpenJDK Runtime Environment Microsoft-13106358 (17.0.18+8) (build 17.0.18+8-LTS)
# Java VM: OpenJDK 64-Bit Server VM Microsoft-13106358 (17.0.18+8-LTS, mixed mode, sharing, tiered, compressed oops, compressed class ptrs, g1 gc, windows-amd64)
GC Precious Log:
 CPUs: 16 total, 16 available
 Memory: 16122M
 Large Page Support: Disabled
 NUMA Support: Disabled
 Compressed Oops: Enabled (32-bit)
 Heap Region Size: 1M
 Heap Min Capacity: 8M
 Heap Initial Capacity: 252M
 Heap Max Capacity: 1536M
 Pre-touch: Disabled
 Parallel Workers: 13
 Concurrent Workers: 3
 Concurrent Refinement Workers: 13
 Periodic GC: Disabled
Heap:
 garbage-first heap   total 319488K, used 260528K [0x00000000a0000000, 0x0000000100000000)
  region size 1024K, 10 young (10240K), 4 survivors (4096K)
 Metaspace       used 131924K, committed 133120K, reserved 1179648K
  class space    used 17475K, committed 18048K, reserved 1048576K
GC Heap History (20 events):
Event: 56.822 GC heap before
{Heap before GC invocations=53 (full 0):
 garbage-first heap   total 319488K, used 267003K [0x00000000a0000000, 0x0000000100000000)
  region size 1024K, 58 young (59392K), 8 survivors (8192K)
 Metaspace       used 121492K, committed 122688K, reserved 1179648K
  class space    used 16301K, committed 16896K, reserved 1048576K
}
Event: 56.829 GC heap after
{Heap after GC invocations=54 (full 0):
 garbage-first heap   total 319488K, used 222461K [0x00000000a0000000, 0x0000000100000000)
  region size 1024K, 7 young (7168K), 7 survivors (7168K)
 Metaspace       used 121492K, committed 122688K, reserved 1179648K
  class space    used 16301K, committed 16896K, reserved 1048576K
}
Event: 57.249 GC heap before
{Heap before GC invocations=54 (full 0):
 garbage-first heap   total 319488K, used 268541K [0x00000000a0000000, 0x0000000100000000)
  region size 1024K, 52 young (53248K), 7 survivors (7168K)
 Metaspace       used 122340K, committed 123456K, reserved 1179648K
  class space    used 16396K, committed 16960K, reserved 1048576K
}
Event: 57.255 GC heap after
{Heap after GC invocations=55 (full 0):
 garbage-first heap   total 319488K, used 228849K [0x00000000a0000000, 0x0000000100000000)
  region size 1024K, 7 young (7168K), 7 survivors (7168K)
 Metaspace       used 122340K, committed 123456K, reserved 1179648K
  class space    used 16396K, committed 16960K, reserved 1048576K
}
Event: 57.489 GC heap before
{Heap before GC invocations=55 (full 0):
 garbage-first heap   total 319488K, used 269809K [0x00000000a0000000, 0x0000000100000000)
  region size 1024K, 47 young (48128K), 7 survivors (7168K)
 Metaspace       used 123072K, committed 124288K, reserved 1179648K
  class space    used 16470K, committed 17024K, reserved 1048576K
}
Event: 57.493 GC heap after
{Heap after GC invocations=56 (full 0):
 garbage-first heap   total 319488K, used 230822K [0x00000000a0000000, 0x0000000100000000)
  region size 1024K, 4 young (4096K), 4 survivors (4096K)
 Metaspace       used 123072K, committed 124288K, reserved 1179648K
  class space    used 16470K, committed 17024K, reserved 1048576K
}
Event: 57.872 GC heap before
{Heap before GC invocations=56 (full 0):
 garbage-first heap   total 319488K, used 270758K [0x00000000a0000000, 0x0000000100000000)
  region size 1024K, 44 young (45056K), 4 survivors (4096K)
 Metaspace       used 127196K, committed 128384K, reserved 1179648K
  class space    used 16857K, committed 17408K, reserved 1048576K
}
Event: 57.875 GC heap after
{Heap after GC invocations=57 (full 0):
 garbage-first heap   total 319488K, used 229257K [0x00000000a0000000, 0x0000000100000000)
  region size 1024K, 3 young (3072K), 3 survivors (3072K)
 Metaspace       used 127196K, committed 128384K, reserved 1179648K
  class space    used 16857K, committed 17408K, reserved 1048576K
}
Event: 86.639 GC heap before
{Heap before GC invocations=57 (full 0):
 garbage-first heap   total 319488K, used 272265K [0x00000000a0000000, 0x0000000100000000)
  region size 1024K, 46 young (47104K), 3 survivors (3072K)
 Metaspace       used 128216K, committed 129472K, reserved 1179648K
  class space    used 16934K, committed 17536K, reserved 1048576K
}
Event: 86.642 GC heap after
{Heap after GC invocations=58 (full 0):
 garbage-first heap   total 319488K, used 231607K [0x00000000a0000000, 0x0000000100000000)
  region size 1024K, 6 young (6144K), 6 survivors (6144K)
 Metaspace       used 128216K, committed 129472K, reserved 1179648K
  class space    used 16934K, committed 17536K, reserved 1048576K
}
Event: 86.912 GC heap before
{Heap before GC invocations=58 (full 0):
 garbage-first heap   total 319488K, used 272567K [0x00000000a0000000, 0x0000000100000000)
  region size 1024K, 47 young (48128K), 6 survivors (6144K)
 Metaspace       used 128481K, committed 129728K, reserved 1179648K
  class space    used 16960K, committed 17536K, reserved 1048576K
}
Event: 86.916 GC heap after
{Heap after GC invocations=59 (full 0):
 garbage-first heap   total 319488K, used 235373K [0x00000000a0000000, 0x0000000100000000)
  region size 1024K, 6 young (6144K), 6 survivors (6144K)
 Metaspace       used 128481K, committed 129728K, reserved 1179648K
  class space    used 16960K, committed 17536K, reserved 1048576K
}
Event: 87.212 GC heap before
{Heap before GC invocations=59 (full 0):
 garbage-first heap   total 319488K, used 274285K [0x00000000a0000000, 0x0000000100000000)
  region size 1024K, 44 young (45056K), 6 survivors (6144K)
 Metaspace       used 129814K, committed 131008K, reserved 1179648K
  class space    used 17148K, committed 17728K, reserved 1048576K
}
Event: 87.217 GC heap after
{Heap after GC invocations=60 (full 0):
 garbage-first heap   total 319488K, used 239205K [0x00000000a0000000, 0x0000000100000000)
  region size 1024K, 4 young (4096K), 4 survivors (4096K)
 Metaspace       used 129814K, committed 131008K, reserved 1179648K
  class space    used 17148K, committed 17728K, reserved 1048576K
}
Event: 87.581 GC heap before
{Heap before GC invocations=60 (full 0):
 garbage-first heap   total 319488K, used 274021K [0x00000000a0000000, 0x0000000100000000)
  region size 1024K, 39 young (39936K), 4 survivors (4096K)
 Metaspace       used 131684K, committed 132992K, reserved 1179648K
  class space    used 17425K, committed 18048K, reserved 1048576K
}
Event: 87.586 GC heap after
{Heap after GC invocations=61 (full 0):
 garbage-first heap   total 319488K, used 243014K [0x00000000a0000000, 0x0000000100000000)
  region size 1024K, 4 young (4096K), 4 survivors (4096K)
 Metaspace       used 131684K, committed 132992K, reserved 1179648K
  class space    used 17425K, committed 18048K, reserved 1048576K
}
Event: 87.776 GC heap before
{Heap before GC invocations=61 (full 0):
 garbage-first heap   total 319488K, used 275782K [0x00000000a0000000, 0x0000000100000000)
  region size 1024K, 37 young (37888K), 4 survivors (4096K)
 Metaspace       used 131891K, committed 133120K, reserved 1179648K
  class space    used 17472K, committed 18048K, reserved 1048576K
}
Event: 87.783 GC heap after
{Heap after GC invocations=62 (full 0):
 garbage-first heap   total 319488K, used 250374K [0x00000000a0000000, 0x0000000100000000)
  region size 1024K, 5 young (5120K), 5 survivors (5120K)
 Metaspace       used 131891K, committed 133120K, reserved 1179648K
  class space    used 17472K, committed 18048K, reserved 1048576K
}
Event: 87.846 GC heap before
{Heap before GC invocations=62 (full 0):
 garbage-first heap   total 319488K, used 274950K [0x00000000a0000000, 0x0000000100000000)
  region size 1024K, 30 young (30720K), 5 survivors (5120K)
 Metaspace       used 131896K, committed 133120K, reserved 1179648K
  class space    used 17472K, committed 18048K, reserved 1048576K
}
Event: 87.850 GC heap after
{Heap after GC invocations=63 (full 0):
 garbage-first heap   total 319488K, used 254973K [0x00000000a0000000, 0x0000000100000000)
  region size 1024K, 4 young (4096K), 4 survivors (4096K)
 Metaspace       used 131896K, committed 133120K, reserved 1179648K
  class space    used 17472K, committed 18048K, reserved 1048576K
}

