# JRE version: OpenJDK Runtime Environment Microsoft-13106358 (17.0.18+8) (build 17.0.18+8-LTS)
# Java VM: OpenJDK 64-Bit Server VM Microsoft-13106358 (17.0.18+8-LTS, mixed mode, sharing, tiered, compressed oops, compressed class ptrs, g1 gc, windows-amd64)
GC Precious Log:
 CPUs: 16 total, 16 available
 Memory: 16122M
 Large Page Support: Disabled
 NUMA Support: Disabled
 Compressed Oops: Enabled (32-bit)
 Heap Region Size: 1M
 Heap Min Capacity: 8M
 Heap Initial Capacity: 252M
 Heap Max Capacity: 1536M
 Pre-touch: Disabled
 Parallel Workers: 13
 Concurrent Workers: 3
 Concurrent Refinement Workers: 13
 Periodic GC: Disabled
Heap:
 garbage-first heap   total 265216K, used 194389K [0x00000000a0000000, 0x0000000100000000)
  region size 1024K, 65 young (66560K), 12 survivors (12288K)
 Metaspace       used 105504K, committed 106368K, reserved 1179648K
  class space    used 14468K, committed 14912K, reserved 1048576K
GC Heap History (20 events):
Event: 14.410 GC heap before
{Heap before GC invocations=43 (full 0):
 garbage-first heap   total 171008K, used 144384K [0x00000000a0000000, 0x0000000100000000)
  region size 1024K, 34 young (34816K), 5 survivors (5120K)
 Metaspace       used 102573K, committed 103488K, reserved 1179648K
  class space    used 14141K, committed 14592K, reserved 1048576K
}
Event: 14.415 GC heap after
{Heap after GC invocations=44 (full 0):
 garbage-first heap   total 171008K, used 120378K [0x00000000a0000000, 0x0000000100000000)
  region size 1024K, 5 young (5120K), 5 survivors (5120K)
 Metaspace       used 102573K, committed 103488K, reserved 1179648K
  class space    used 14141K, committed 14592K, reserved 1048576K
}
Event: 14.742 GC heap before
{Heap before GC invocations=44 (full 0):
 garbage-first heap   total 171008K, used 142906K [0x00000000a0000000, 0x0000000100000000)
  region size 1024K, 27 young (27648K), 5 survivors (5120K)
 Metaspace       used 102749K, committed 103680K, reserved 1179648K
  class space    used 14149K, committed 14592K, reserved 1048576K
}
Event: 14.746 GC heap after
{Heap after GC invocations=45 (full 0):
 garbage-first heap   total 171008K, used 123970K [0x00000000a0000000, 0x0000000100000000)
  region size 1024K, 4 young (4096K), 4 survivors (4096K)
 Metaspace       used 102749K, committed 103680K, reserved 1179648K
  class space    used 14149K, committed 14592K, reserved 1048576K
}
Event: 14.797 GC heap before
{Heap before GC invocations=45 (full 0):
 garbage-first heap   total 171008K, used 143426K [0x00000000a0000000, 0x0000000100000000)
  region size 1024K, 23 young (23552K), 4 survivors (4096K)
 Metaspace       used 102798K, committed 103680K, reserved 1179648K
  class space    used 14154K, committed 14592K, reserved 1048576K
}
Event: 14.800 GC heap after
{Heap after GC invocations=46 (full 0):
 garbage-first heap   total 171008K, used 127149K [0x00000000a0000000, 0x0000000100000000)
  region size 1024K, 3 young (3072K), 3 survivors (3072K)
 Metaspace       used 102798K, committed 103680K, reserved 1179648K
  class space    used 14154K, committed 14592K, reserved 1048576K
}
Event: 14.834 GC heap before
{Heap before GC invocations=46 (full 0):
 garbage-first heap   total 171008K, used 143533K [0x00000000a0000000, 0x0000000100000000)
  region size 1024K, 20 young (20480K), 3 survivors (3072K)
 Metaspace       used 102800K, committed 103680K, reserved 1179648K
  class space    used 14154K, committed 14592K, reserved 1048576K
}
Event: 14.837 GC heap after
{Heap after GC invocations=47 (full 0):
 garbage-first heap   total 171008K, used 128059K [0x00000000a0000000, 0x0000000100000000)
  region size 1024K, 3 young (3072K), 3 survivors (3072K)
 Metaspace       used 102800K, committed 103680K, reserved 1179648K
  class space    used 14154K, committed 14592K, reserved 1048576K
}
Event: 14.870 GC heap before
{Heap before GC invocations=47 (full 0):
 garbage-first heap   total 171008K, used 143419K [0x00000000a0000000, 0x0000000100000000)
  region size 1024K, 19 young (19456K), 3 survivors (3072K)
 Metaspace       used 102808K, committed 103744K, reserved 1179648K
  class space    used 14154K, committed 14592K, reserved 1048576K
}
Event: 14.872 GC heap after
{Heap after GC invocations=48 (full 0):
 garbage-first heap   total 171008K, used 128706K [0x00000000a0000000, 0x0000000100000000)
  region size 1024K, 3 young (3072K), 3 survivors (3072K)
 Metaspace       used 102808K, committed 103744K, reserved 1179648K
  class space    used 14154K, committed 14592K, reserved 1048576K
}
Event: 14.903 GC heap before
{Heap before GC invocations=48 (full 0):
 garbage-first heap   total 171008K, used 144066K [0x00000000a0000000, 0x0000000100000000)
  region size 1024K, 19 young (19456K), 3 survivors (3072K)
 Metaspace       used 102811K, committed 103744K, reserved 1179648K
  class space    used 14154K, committed 14592K, reserved 1048576K
}
Event: 14.905 GC heap after
{Heap after GC invocations=49 (full 0):
 garbage-first heap   total 171008K, used 129225K [0x00000000a0000000, 0x0000000100000000)
  region size 1024K, 3 young (3072K), 3 survivors (3072K)
 Metaspace       used 102811K, committed 103744K, reserved 1179648K
  class space    used 14154K, committed 14592K, reserved 1048576K
}
Event: 14.934 GC heap before
{Heap before GC invocations=49 (full 0):
 garbage-first heap   total 171008K, used 143561K [0x00000000a0000000, 0x0000000100000000)
  region size 1024K, 18 young (18432K), 3 survivors (3072K)
 Metaspace       used 102824K, committed 103744K, reserved 1179648K
  class space    used 14154K, committed 14592K, reserved 1048576K
}
Event: 14.937 GC heap after
{Heap after GC invocations=50 (full 0):
 garbage-first heap   total 265216K, used 129862K [0x00000000a0000000, 0x0000000100000000)
  region size 1024K, 3 young (3072K), 3 survivors (3072K)
 Metaspace       used 102824K, committed 103744K, reserved 1179648K
  class space    used 14154K, committed 14592K, reserved 1048576K
}
Event: 15.261 GC heap before
{Heap before GC invocations=50 (full 0):
 garbage-first heap   total 265216K, used 217926K [0x00000000a0000000, 0x0000000100000000)
  region size 1024K, 90 young (92160K), 3 survivors (3072K)
 Metaspace       used 103120K, committed 103936K, reserved 1179648K
  class space    used 14193K, committed 14592K, reserved 1048576K
}
Event: 15.266 GC heap after
{Heap after GC invocations=51 (full 0):
 garbage-first heap   total 265216K, used 133485K [0x00000000a0000000, 0x0000000100000000)
  region size 1024K, 7 young (7168K), 7 survivors (7168K)
 Metaspace       used 103120K, committed 103936K, reserved 1179648K
  class space    used 14193K, committed 14592K, reserved 1048576K
}
Event: 15.422 GC heap before
{Heap before GC invocations=51 (full 0):
 garbage-first heap   total 265216K, used 218477K [0x00000000a0000000, 0x0000000100000000)
  region size 1024K, 91 young (93184K), 7 survivors (7168K)
 Metaspace       used 103210K, committed 104128K, reserved 1179648K
  class space    used 14202K, committed 14656K, reserved 1048576K
}
Event: 15.426 GC heap after
{Heap after GC invocations=52 (full 0):
 garbage-first heap   total 265216K, used 136549K [0x00000000a0000000, 0x0000000100000000)
  region size 1024K, 10 young (10240K), 10 survivors (10240K)
 Metaspace       used 103210K, committed 104128K, reserved 1179648K
  class space    used 14202K, committed 14656K, reserved 1048576K
}
Event: 15.900 GC heap before
{Heap before GC invocations=52 (full 0):
 garbage-first heap   total 265216K, used 218469K [0x00000000a0000000, 0x0000000100000000)
  region size 1024K, 91 young (93184K), 10 survivors (10240K)
 Metaspace       used 103641K, committed 104576K, reserved 1179648K
  class space    used 14252K, committed 14720K, reserved 1048576K
}
Event: 15.907 GC heap after
{Heap after GC invocations=53 (full 0):
 garbage-first heap   total 265216K, used 142165K [0x00000000a0000000, 0x0000000100000000)
  region size 1024K, 12 young (12288K), 12 survivors (12288K)
 Metaspace       used 103641K, committed 104576K, reserved 1179648K
  class space    used 14252K, committed 14720K, reserved 1048576K
}

