# JRE version: OpenJDK Runtime Environment Microsoft-13106358 (17.0.18+8) (build 17.0.18+8-LTS)
# Java VM: OpenJDK 64-Bit Server VM Microsoft-13106358 (17.0.18+8-LTS, mixed mode, sharing, tiered, compressed oops, compressed class ptrs, g1 gc, windows-amd64)
GC Precious Log:
 CPUs: 16 total, 16 available
 Memory: 16122M
 Large Page Support: Disabled
 NUMA Support: Disabled
 Compressed Oops: Enabled (32-bit)
 Heap Region Size: 1M
 Heap Min Capacity: 8M
 Heap Initial Capacity: 252M
 Heap Max Capacity: 1536M
 Pre-touch: Disabled
 Parallel Workers: 13
 Concurrent Workers: 3
 Concurrent Refinement Workers: 13
 Periodic GC: Disabled
Heap:
 garbage-first heap   total 266240K, used 153329K [0x00000000a0000000, 0x0000000100000000)
  region size 1024K, 5 young (5120K), 5 survivors (5120K)
 Metaspace       used 91184K, committed 92032K, reserved 1179648K
  class space    used 12404K, committed 12800K, reserved 1048576K
GC Heap History (20 events):
Event: 10.236 GC heap after
{Heap after GC invocations=27 (full 0):
 garbage-first heap   total 242688K, used 90204K [0x00000000a0000000, 0x0000000100000000)
  region size 1024K, 9 young (9216K), 9 survivors (9216K)
 Metaspace       used 58216K, committed 58944K, reserved 1114112K
  class space    used 8166K, committed 8512K, reserved 1048576K
}
Event: 10.670 GC heap before
{Heap before GC invocations=27 (full 0):
 garbage-first heap   total 242688K, used 170076K [0x00000000a0000000, 0x0000000100000000)
  region size 1024K, 88 young (90112K), 9 survivors (9216K)
 Metaspace       used 58606K, committed 59328K, reserved 1114112K
  class space    used 8168K, committed 8512K, reserved 1048576K
}
Event: 10.675 GC heap after
{Heap after GC invocations=28 (full 0):
 garbage-first heap   total 242688K, used 92632K [0x00000000a0000000, 0x0000000100000000)
  region size 1024K, 5 young (5120K), 5 survivors (5120K)
 Metaspace       used 58606K, committed 59328K, reserved 1114112K
  class space    used 8168K, committed 8512K, reserved 1048576K
}
Event: 11.073 GC heap before
{Heap before GC invocations=28 (full 0):
 garbage-first heap   total 242688K, used 175576K [0x00000000a0000000, 0x0000000100000000)
  region size 1024K, 87 young (89088K), 5 survivors (5120K)
 Metaspace       used 58618K, committed 59328K, reserved 1114112K
  class space    used 8168K, committed 8512K, reserved 1048576K
}
Event: 11.076 GC heap after
{Heap after GC invocations=29 (full 0):
 garbage-first heap   total 242688K, used 93912K [0x00000000a0000000, 0x0000000100000000)
  region size 1024K, 6 young (6144K), 6 survivors (6144K)
 Metaspace       used 58618K, committed 59328K, reserved 1114112K
  class space    used 8168K, committed 8512K, reserved 1048576K
}
Event: 12.194 GC heap before
{Heap before GC invocations=29 (full 0):
 garbage-first heap   total 242688K, used 179928K [0x00000000a0000000, 0x0000000100000000)
  region size 1024K, 91 young (93184K), 6 survivors (6144K)
 Metaspace       used 68014K, committed 68800K, reserved 1114112K
  class space    used 9821K, committed 10176K, reserved 1048576K
}
Event: 12.198 GC heap after
{Heap after GC invocations=30 (full 0):
 garbage-first heap   total 242688K, used 98157K [0x00000000a0000000, 0x0000000100000000)
  region size 1024K, 10 young (10240K), 10 survivors (10240K)
 Metaspace       used 68014K, committed 68800K, reserved 1114112K
  class space    used 9821K, committed 10176K, reserved 1048576K
}
Event: 13.103 GC heap before
{Heap before GC invocations=30 (full 0):
 garbage-first heap   total 242688K, used 209773K [0x00000000a0000000, 0x0000000100000000)
  region size 1024K, 95 young (97280K), 10 survivors (10240K)
 Metaspace       used 74053K, committed 74880K, reserved 1114112K
  class space    used 10549K, committed 10944K, reserved 1048576K
}
Event: 13.115 GC heap after
{Heap after GC invocations=31 (full 0):
 garbage-first heap   total 242688K, used 112078K [0x00000000a0000000, 0x0000000100000000)
  region size 1024K, 12 young (12288K), 12 survivors (12288K)
 Metaspace       used 74053K, committed 74880K, reserved 1114112K
  class space    used 10549K, committed 10944K, reserved 1048576K
}
Event: 13.462 GC heap before
{Heap before GC invocations=31 (full 0):
 garbage-first heap   total 242688K, used 195022K [0x00000000a0000000, 0x0000000100000000)
  region size 1024K, 84 young (86016K), 12 survivors (12288K)
 Metaspace       used 74802K, committed 75648K, reserved 1114112K
  class space    used 10638K, committed 11072K, reserved 1048576K
}
Event: 13.474 GC heap after
{Heap after GC invocations=32 (full 0):
 garbage-first heap   total 242688K, used 130441K [0x00000000a0000000, 0x0000000100000000)
  region size 1024K, 11 young (11264K), 11 survivors (11264K)
 Metaspace       used 74802K, committed 75648K, reserved 1114112K
  class space    used 10638K, committed 11072K, reserved 1048576K
}
Event: 13.490 GC heap before
{Heap before GC invocations=32 (full 0):
 garbage-first heap   total 242688K, used 131465K [0x00000000a0000000, 0x0000000100000000)
  region size 1024K, 13 young (13312K), 11 survivors (11264K)
 Metaspace       used 74946K, committed 75776K, reserved 1114112K
  class space    used 10654K, committed 11072K, reserved 1048576K
}
Event: 13.495 GC heap after
{Heap after GC invocations=33 (full 0):
 garbage-first heap   total 242688K, used 133211K [0x00000000a0000000, 0x0000000100000000)
  region size 1024K, 2 young (2048K), 2 survivors (2048K)
 Metaspace       used 74946K, committed 75776K, reserved 1114112K
  class space    used 10654K, committed 11072K, reserved 1048576K
}
Event: 14.078 GC heap before
{Heap before GC invocations=34 (full 0):
 garbage-first heap   total 242688K, used 206939K [0x00000000a0000000, 0x0000000100000000)
  region size 1024K, 59 young (60416K), 2 survivors (2048K)
 Metaspace       used 79680K, committed 80512K, reserved 1179648K
  class space    used 11189K, committed 11584K, reserved 1048576K
}
Event: 14.081 GC heap after
{Heap after GC invocations=35 (full 0):
 garbage-first heap   total 242688K, used 151478K [0x00000000a0000000, 0x0000000100000000)
  region size 1024K, 7 young (7168K), 7 survivors (7168K)
 Metaspace       used 79680K, committed 80512K, reserved 1179648K
  class space    used 11189K, committed 11584K, reserved 1048576K
}
Event: 14.123 GC heap before
{Heap before GC invocations=35 (full 0):
 garbage-first heap   total 242688K, used 155574K [0x00000000a0000000, 0x0000000100000000)
  region size 1024K, 11 young (11264K), 7 survivors (7168K)
 Metaspace       used 80004K, committed 80832K, reserved 1179648K
  class space    used 11225K, committed 11648K, reserved 1048576K
}
Event: 14.126 GC heap after
{Heap after GC invocations=36 (full 0):
 garbage-first heap   total 242688K, used 149195K [0x00000000a0000000, 0x0000000100000000)
  region size 1024K, 1 young (1024K), 1 survivors (1024K)
 Metaspace       used 80004K, committed 80832K, reserved 1179648K
  class space    used 11225K, committed 11648K, reserved 1048576K
}
Event: 14.623 GC heap before
{Heap before GC invocations=36 (full 0):
 garbage-first heap   total 242688K, used 196299K [0x00000000a0000000, 0x0000000100000000)
  region size 1024K, 47 young (48128K), 1 survivors (1024K)
 Metaspace       used 85466K, committed 86272K, reserved 1179648K
  class space    used 11709K, committed 12096K, reserved 1048576K
}
Event: 14.626 GC heap after
{Heap after GC invocations=37 (full 0):
 garbage-first heap   total 242688K, used 151045K [0x00000000a0000000, 0x0000000100000000)
  region size 1024K, 3 young (3072K), 3 survivors (3072K)
 Metaspace       used 85466K, committed 86272K, reserved 1179648K
  class space    used 11709K, committed 12096K, reserved 1048576K
}
Event: 15.603 GC heap before
{Heap before GC invocations=38 (full 0):
 garbage-first heap   total 261120K, used 199173K [0x00000000a0000000, 0x0000000100000000)
  region size 1024K, 50 young (51200K), 3 survivors (3072K)
 Metaspace       used 91184K, committed 92032K, reserved 1179648K
  class space    used 12404K, committed 12800K, reserved 1048576K
}

