# JRE version: OpenJDK Runtime Environment Microsoft-13106358 (17.0.18+8) (build 17.0.18+8-LTS)
# Java VM: OpenJDK 64-Bit Server VM Microsoft-13106358 (17.0.18+8-LTS, mixed mode, sharing, tiered, compressed oops, compressed class ptrs, g1 gc, windows-amd64)
GC Precious Log:
 CPUs: 16 total, 16 available
 Memory: 16122M
 Large Page Support: Disabled
 NUMA Support: Disabled
 Compressed Oops: Enabled (32-bit)
 Heap Region Size: 1M
 Heap Min Capacity: 8M
 Heap Initial Capacity: 252M
 Heap Max Capacity: 2G
 Pre-touch: Disabled
 Parallel Workers: 13
 Concurrent Workers: 3
 Concurrent Refinement Workers: 13
 Periodic GC: Disabled
Heap:
 garbage-first heap   total 315392K, used 174450K [0x0000000080000000, 0x0000000100000000)
  region size 1024K, 5 young (5120K), 5 survivors (5120K)
 Metaspace       used 100500K, committed 101568K, reserved 1179648K
  class space    used 13760K, committed 14272K, reserved 1048576K
GC Heap History (20 events):
Event: 11.942 GC heap after
{Heap after GC invocations=38 (full 0):
 garbage-first heap   total 315392K, used 136512K [0x0000000080000000, 0x0000000100000000)
  region size 1024K, 2 young (2048K), 2 survivors (2048K)
 Metaspace       used 85141K, committed 86080K, reserved 1179648K
  class space    used 11618K, committed 12032K, reserved 1048576K
}
Event: 12.042 GC heap before
{Heap before GC invocations=38 (full 0):
 garbage-first heap   total 315392K, used 141632K [0x0000000080000000, 0x0000000100000000)
  region size 1024K, 8 young (8192K), 2 survivors (2048K)
 Metaspace       used 85533K, committed 86464K, reserved 1179648K
  class space    used 11668K, committed 12096K, reserved 1048576K
}
Event: 12.046 GC heap after
{Heap after GC invocations=39 (full 0):
 garbage-first heap   total 315392K, used 135918K [0x0000000080000000, 0x0000000100000000)
  region size 1024K, 1 young (1024K), 1 survivors (1024K)
 Metaspace       used 85533K, committed 86464K, reserved 1179648K
  class space    used 11668K, committed 12096K, reserved 1048576K
}
Event: 13.469 GC heap before
{Heap before GC invocations=40 (full 0):
 garbage-first heap   total 315392K, used 259822K [0x0000000080000000, 0x0000000100000000)
  region size 1024K, 121 young (123904K), 1 survivors (1024K)
 Metaspace       used 92944K, committed 93888K, reserved 1179648K
  class space    used 12862K, committed 13312K, reserved 1048576K
}
Event: 13.475 GC heap after
{Heap after GC invocations=41 (full 0):
 garbage-first heap   total 315392K, used 140797K [0x0000000080000000, 0x0000000100000000)
  region size 1024K, 6 young (6144K), 6 survivors (6144K)
 Metaspace       used 92944K, committed 93888K, reserved 1179648K
  class space    used 12862K, committed 13312K, reserved 1048576K
}
Event: 13.529 GC heap before
{Heap before GC invocations=41 (full 0):
 garbage-first heap   total 315392K, used 150013K [0x0000000080000000, 0x0000000100000000)
  region size 1024K, 15 young (15360K), 6 survivors (6144K)
 Metaspace       used 92946K, committed 93888K, reserved 1179648K
  class space    used 12862K, committed 13312K, reserved 1048576K
}
Event: 13.533 GC heap after
{Heap after GC invocations=42 (full 0):
 garbage-first heap   total 315392K, used 140397K [0x0000000080000000, 0x0000000100000000)
  region size 1024K, 2 young (2048K), 2 survivors (2048K)
 Metaspace       used 92946K, committed 93888K, reserved 1179648K
  class space    used 12862K, committed 13312K, reserved 1048576K
}
Event: 13.865 GC heap before
{Heap before GC invocations=42 (full 0):
 garbage-first heap   total 315392K, used 178285K [0x0000000080000000, 0x0000000100000000)
  region size 1024K, 41 young (41984K), 2 survivors (2048K)
 Metaspace       used 94693K, committed 95680K, reserved 1179648K
  class space    used 13004K, committed 13440K, reserved 1048576K
}
Event: 13.869 GC heap after
{Heap after GC invocations=43 (full 0):
 garbage-first heap   total 315392K, used 145455K [0x0000000080000000, 0x0000000100000000)
  region size 1024K, 7 young (7168K), 7 survivors (7168K)
 Metaspace       used 94693K, committed 95680K, reserved 1179648K
  class space    used 13004K, committed 13440K, reserved 1048576K
}
Event: 14.925 GC heap before
{Heap before GC invocations=44 (full 0):
 garbage-first heap   total 315392K, used 281647K [0x0000000080000000, 0x0000000100000000)
  region size 1024K, 121 young (123904K), 7 survivors (7168K)
 Metaspace       used 100499K, committed 101504K, reserved 1179648K
  class space    used 13760K, committed 14272K, reserved 1048576K
}
Event: 14.931 GC heap after
{Heap after GC invocations=45 (full 0):
 garbage-first heap   total 315392K, used 169348K [0x0000000080000000, 0x0000000100000000)
  region size 1024K, 15 young (15360K), 15 survivors (15360K)
 Metaspace       used 100499K, committed 101504K, reserved 1179648K
  class space    used 13760K, committed 14272K, reserved 1048576K
}
Event: 14.939 GC heap before
{Heap before GC invocations=45 (full 0):
 garbage-first heap   total 315392K, used 170372K [0x0000000080000000, 0x0000000100000000)
  region size 1024K, 16 young (16384K), 15 survivors (15360K)
 Metaspace       used 100499K, committed 101504K, reserved 1179648K
  class space    used 13760K, committed 14272K, reserved 1048576K
}
Event: 14.945 GC heap after
{Heap after GC invocations=46 (full 0):
 garbage-first heap   total 315392K, used 168808K [0x0000000080000000, 0x0000000100000000)
  region size 1024K, 2 young (2048K), 2 survivors (2048K)
 Metaspace       used 100499K, committed 101504K, reserved 1179648K
  class space    used 13760K, committed 14272K, reserved 1048576K
}
Event: 15.426 GC heap before
{Heap before GC invocations=46 (full 0):
 garbage-first heap   total 315392K, used 264040K [0x0000000080000000, 0x0000000100000000)
  region size 1024K, 95 young (97280K), 2 survivors (2048K)
 Metaspace       used 100500K, committed 101568K, reserved 1179648K
  class space    used 13760K, committed 14272K, reserved 1048576K
}
Event: 15.429 GC heap after
{Heap after GC invocations=47 (full 0):
 garbage-first heap   total 315392K, used 171691K [0x0000000080000000, 0x0000000100000000)
  region size 1024K, 5 young (5120K), 5 survivors (5120K)
 Metaspace       used 100500K, committed 101568K, reserved 1179648K
  class space    used 13760K, committed 14272K, reserved 1048576K
}
Event: 15.984 GC heap before
{Heap before GC invocations=48 (full 0):
 garbage-first heap   total 315392K, used 264875K [0x0000000080000000, 0x0000000100000000)
  region size 1024K, 96 young (98304K), 5 survivors (5120K)
 Metaspace       used 100500K, committed 101568K, reserved 1179648K
  class space    used 13760K, committed 14272K, reserved 1048576K
}
Event: 15.987 GC heap after
{Heap after GC invocations=49 (full 0):
 garbage-first heap   total 315392K, used 173880K [0x0000000080000000, 0x0000000100000000)
  region size 1024K, 7 young (7168K), 7 survivors (7168K)
 Metaspace       used 100500K, committed 101568K, reserved 1179648K
  class space    used 13760K, committed 14272K, reserved 1048576K
}
Event: 16.023 GC heap before
{Heap before GC invocations=49 (full 0):
 garbage-first heap   total 315392K, used 182072K [0x0000000080000000, 0x0000000100000000)
  region size 1024K, 15 young (15360K), 7 survivors (7168K)
 Metaspace       used 100500K, committed 101568K, reserved 1179648K
  class space    used 13760K, committed 14272K, reserved 1048576K
}
Event: 16.026 GC heap after
{Heap after GC invocations=50 (full 0):
 garbage-first heap   total 315392K, used 171949K [0x0000000080000000, 0x0000000100000000)
  region size 1024K, 2 young (2048K), 2 survivors (2048K)
 Metaspace       used 100500K, committed 101568K, reserved 1179648K
  class space    used 13760K, committed 14272K, reserved 1048576K
}
Event: 16.577 GC heap before
{Heap before GC invocations=50 (full 0):
 garbage-first heap   total 315392K, used 265133K [0x0000000080000000, 0x0000000100000000)
  region size 1024K, 93 young (95232K), 2 survivors (2048K)
 Metaspace       used 100500K, committed 101568K, reserved 1179648K
  class space    used 13760K, committed 14272K, reserved 1048576K
}

