# JRE version: OpenJDK Runtime Environment Microsoft-13106358 (17.0.18+8) (build 17.0.18+8-LTS)
# Java VM: OpenJDK 64-Bit Server VM Microsoft-13106358 (17.0.18+8-LTS, mixed mode, sharing, tiered, compressed oops, compressed class ptrs, g1 gc, windows-amd64)
GC Precious Log:
 CPUs: 16 total, 16 available
 Memory: 16122M
 Large Page Support: Disabled
 NUMA Support: Disabled
 Compressed Oops: Enabled (32-bit)
 Heap Region Size: 1M
 Heap Min Capacity: 8M
 Heap Initial Capacity: 252M
 Heap Max Capacity: 1536M
 Pre-touch: Disabled
 Parallel Workers: 13
 Concurrent Workers: 3
 Concurrent Refinement Workers: 13
 Periodic GC: Disabled
Heap:
 garbage-first heap   total 237568K, used 130867K [0x00000000a0000000, 0x0000000100000000)
  region size 1024K, 7 young (7168K), 2 survivors (2048K)
 Metaspace       used 101751K, committed 102592K, reserved 1179648K
  class space    used 14035K, committed 14464K, reserved 1048576K
GC Heap History (20 events):
Event: 17.647 GC heap after
{Heap after GC invocations=29 (full 0):
 garbage-first heap   total 222208K, used 100113K [0x00000000a0000000, 0x0000000100000000)
  region size 1024K, 5 young (5120K), 5 survivors (5120K)
 Metaspace       used 80324K, committed 81088K, reserved 1179648K
  class space    used 10968K, committed 11328K, reserved 1048576K
}
Event: 18.634 GC heap before
{Heap before GC invocations=29 (full 0):
 garbage-first heap   total 222208K, used 182033K [0x00000000a0000000, 0x0000000100000000)
  region size 1024K, 85 young (87040K), 5 survivors (5120K)
 Metaspace       used 85987K, committed 86784K, reserved 1179648K
  class space    used 11899K, committed 12288K, reserved 1048576K
}
Event: 18.638 GC heap after
{Heap after GC invocations=30 (full 0):
 garbage-first heap   total 222208K, used 101693K [0x00000000a0000000, 0x0000000100000000)
  region size 1024K, 8 young (8192K), 8 survivors (8192K)
 Metaspace       used 85987K, committed 86784K, reserved 1179648K
  class space    used 11899K, committed 12288K, reserved 1048576K
}
Event: 18.812 GC heap before
{Heap before GC invocations=30 (full 0):
 garbage-first heap   total 222208K, used 115005K [0x00000000a0000000, 0x0000000100000000)
  region size 1024K, 22 young (22528K), 8 survivors (8192K)
 Metaspace       used 86844K, committed 87616K, reserved 1179648K
  class space    used 12014K, committed 12416K, reserved 1048576K
}
Event: 18.817 GC heap after
{Heap after GC invocations=31 (full 0):
 garbage-first heap   total 222208K, used 102595K [0x00000000a0000000, 0x0000000100000000)
  region size 1024K, 4 young (4096K), 4 survivors (4096K)
 Metaspace       used 86844K, committed 87616K, reserved 1179648K
  class space    used 12014K, committed 12416K, reserved 1048576K
}
Event: 19.825 GC heap before
{Heap before GC invocations=32 (full 0):
 garbage-first heap   total 222208K, used 185539K [0x00000000a0000000, 0x0000000100000000)
  region size 1024K, 85 young (87040K), 4 survivors (4096K)
 Metaspace       used 89803K, committed 90624K, reserved 1179648K
  class space    used 12496K, committed 12928K, reserved 1048576K
}
Event: 19.831 GC heap after
{Heap after GC invocations=33 (full 0):
 garbage-first heap   total 222208K, used 108036K [0x00000000a0000000, 0x0000000100000000)
  region size 1024K, 10 young (10240K), 10 survivors (10240K)
 Metaspace       used 89803K, committed 90624K, reserved 1179648K
  class space    used 12496K, committed 12928K, reserved 1048576K
}
Event: 19.843 GC heap before
{Heap before GC invocations=33 (full 0):
 garbage-first heap   total 222208K, used 108036K [0x00000000a0000000, 0x0000000100000000)
  region size 1024K, 11 young (11264K), 10 survivors (10240K)
 Metaspace       used 89835K, committed 90688K, reserved 1179648K
  class space    used 12502K, committed 12928K, reserved 1048576K
}
Event: 19.848 GC heap after
{Heap after GC invocations=34 (full 0):
 garbage-first heap   total 222208K, used 106815K [0x00000000a0000000, 0x0000000100000000)
  region size 1024K, 2 young (2048K), 2 survivors (2048K)
 Metaspace       used 89835K, committed 90688K, reserved 1179648K
  class space    used 12502K, committed 12928K, reserved 1048576K
}
Event: 20.919 GC heap before
{Heap before GC invocations=34 (full 0):
 garbage-first heap   total 222208K, used 183615K [0x00000000a0000000, 0x0000000100000000)
  region size 1024K, 77 young (78848K), 2 survivors (2048K)
 Metaspace       used 95780K, committed 96704K, reserved 1179648K
  class space    used 13345K, committed 13760K, reserved 1048576K
}
Event: 20.924 GC heap after
{Heap after GC invocations=35 (full 0):
 garbage-first heap   total 222208K, used 110109K [0x00000000a0000000, 0x0000000100000000)
  region size 1024K, 5 young (5120K), 5 survivors (5120K)
 Metaspace       used 95780K, committed 96704K, reserved 1179648K
  class space    used 13345K, committed 13760K, reserved 1048576K
}
Event: 22.150 GC heap before
{Heap before GC invocations=36 (full 0):
 garbage-first heap   total 222208K, used 188957K [0x00000000a0000000, 0x0000000100000000)
  region size 1024K, 78 young (79872K), 5 survivors (5120K)
 Metaspace       used 101510K, committed 102400K, reserved 1179648K
  class space    used 14022K, committed 14464K, reserved 1048576K
}
Event: 22.158 GC heap after
{Heap after GC invocations=37 (full 0):
 garbage-first heap   total 222208K, used 119298K [0x00000000a0000000, 0x0000000100000000)
  region size 1024K, 10 young (10240K), 10 survivors (10240K)
 Metaspace       used 101510K, committed 102400K, reserved 1179648K
  class space    used 14022K, committed 14464K, reserved 1048576K
}
Event: 22.176 GC heap before
{Heap before GC invocations=37 (full 0):
 garbage-first heap   total 222208K, used 120322K [0x00000000a0000000, 0x0000000100000000)
  region size 1024K, 11 young (11264K), 10 survivors (10240K)
 Metaspace       used 101516K, committed 102400K, reserved 1179648K
  class space    used 14022K, committed 14464K, reserved 1048576K
}
Event: 22.183 GC heap after
{Heap after GC invocations=38 (full 0):
 garbage-first heap   total 222208K, used 119495K [0x00000000a0000000, 0x0000000100000000)
  region size 1024K, 2 young (2048K), 2 survivors (2048K)
 Metaspace       used 101516K, committed 102400K, reserved 1179648K
  class space    used 14022K, committed 14464K, reserved 1048576K
}
Event: 23.080 GC heap before
{Heap before GC invocations=38 (full 0):
 garbage-first heap   total 222208K, used 180935K [0x00000000a0000000, 0x0000000100000000)
  region size 1024K, 63 young (64512K), 2 survivors (2048K)
 Metaspace       used 101720K, committed 102592K, reserved 1179648K
  class space    used 14035K, committed 14464K, reserved 1048576K
}
Event: 23.088 GC heap after
{Heap after GC invocations=39 (full 0):
 garbage-first heap   total 222208K, used 126023K [0x00000000a0000000, 0x0000000100000000)
  region size 1024K, 8 young (8192K), 8 survivors (8192K)
 Metaspace       used 101720K, committed 102592K, reserved 1179648K
  class space    used 14035K, committed 14464K, reserved 1048576K
}
Event: 23.658 GC heap before
{Heap before GC invocations=40 (full 0):
 garbage-first heap   total 237568K, used 181319K [0x00000000a0000000, 0x0000000100000000)
  region size 1024K, 62 young (63488K), 8 survivors (8192K)
 Metaspace       used 101751K, committed 102592K, reserved 1179648K
  class space    used 14035K, committed 14464K, reserved 1048576K
}
Event: 23.665 GC heap after
{Heap after GC invocations=41 (full 0):
 garbage-first heap   total 237568K, used 127925K [0x00000000a0000000, 0x0000000100000000)
  region size 1024K, 4 young (4096K), 4 survivors (4096K)
 Metaspace       used 101751K, committed 102592K, reserved 1179648K
  class space    used 14035K, committed 14464K, reserved 1048576K
}
Event: 23.733 GC heap before
{Heap before GC invocations=41 (full 0):
 garbage-first heap   total 237568K, used 134069K [0x00000000a0000000, 0x0000000100000000)
  region size 1024K, 11 young (11264K), 4 survivors (4096K)
 Metaspace       used 101751K, committed 102592K, reserved 1179648K
  class space    used 14035K, committed 14464K, reserved 1048576K
}

