# JRE version: OpenJDK Runtime Environment Microsoft-13106358 (17.0.18+8) (build 17.0.18+8-LTS)
# Java VM: OpenJDK 64-Bit Server VM Microsoft-13106358 (17.0.18+8-LTS, mixed mode, sharing, tiered, compressed oops, compressed class ptrs, g1 gc, windows-amd64)
GC Precious Log:
 CPUs: 16 total, 16 available
 Memory: 16122M
 Large Page Support: Disabled
 NUMA Support: Disabled
 Compressed Oops: Enabled (32-bit)
 Heap Region Size: 1M
 Heap Min Capacity: 8M
 Heap Initial Capacity: 252M
 Heap Max Capacity: 1536M
 Pre-touch: Disabled
 Parallel Workers: 13
 Concurrent Workers: 3
 Concurrent Refinement Workers: 13
 Periodic GC: Disabled
Heap:
 garbage-first heap   total 509952K, used 387554K [0x00000000a0000000, 0x0000000100000000)
  region size 1024K, 6 young (6144K), 2 survivors (2048K)
 Metaspace       used 126513K, committed 127616K, reserved 1179648K
  class space    used 16676K, committed 17216K, reserved 1048576K
GC Heap History (20 events):
Event: 155.934 GC heap before
{Heap before GC invocations=77 (full 0):
 garbage-first heap   total 308224K, used 260412K [0x00000000a0000000, 0x0000000100000000)
  region size 1024K, 35 young (35840K), 5 survivors (5120K)
 Metaspace       used 120403K, committed 121536K, reserved 1179648K
  class space    used 15836K, committed 16384K, reserved 1048576K
}
Event: 155.937 GC heap after
{Heap after GC invocations=78 (full 0):
 garbage-first heap   total 308224K, used 231640K [0x00000000a0000000, 0x0000000100000000)
  region size 1024K, 4 young (4096K), 4 survivors (4096K)
 Metaspace       used 120403K, committed 121536K, reserved 1179648K
  class space    used 15836K, committed 16384K, reserved 1048576K
}
Event: 156.638 GC heap before
{Heap before GC invocations=78 (full 0):
 garbage-first heap   total 308224K, used 262360K [0x00000000a0000000, 0x0000000100000000)
  region size 1024K, 35 young (35840K), 4 survivors (4096K)
 Metaspace       used 122441K, committed 123520K, reserved 1179648K
  class space    used 16051K, committed 16576K, reserved 1048576K
}
Event: 156.642 GC heap after
{Heap after GC invocations=79 (full 0):
 garbage-first heap   total 308224K, used 235215K [0x00000000a0000000, 0x0000000100000000)
  region size 1024K, 5 young (5120K), 5 survivors (5120K)
 Metaspace       used 122441K, committed 123520K, reserved 1179648K
  class space    used 16051K, committed 16576K, reserved 1048576K
}
Event: 156.950 GC heap before
{Heap before GC invocations=79 (full 0):
 garbage-first heap   total 308224K, used 262863K [0x00000000a0000000, 0x0000000100000000)
  region size 1024K, 33 young (33792K), 5 survivors (5120K)
 Metaspace       used 122846K, committed 123968K, reserved 1179648K
  class space    used 16128K, committed 16704K, reserved 1048576K
}
Event: 156.956 GC heap after
{Heap after GC invocations=80 (full 0):
 garbage-first heap   total 308224K, used 237817K [0x00000000a0000000, 0x0000000100000000)
  region size 1024K, 3 young (3072K), 3 survivors (3072K)
 Metaspace       used 122846K, committed 123968K, reserved 1179648K
  class space    used 16128K, committed 16704K, reserved 1048576K
}
Event: 157.345 GC heap before
{Heap before GC invocations=80 (full 0):
 garbage-first heap   total 308224K, used 265465K [0x00000000a0000000, 0x0000000100000000)
  region size 1024K, 30 young (30720K), 3 survivors (3072K)
 Metaspace       used 122847K, committed 123968K, reserved 1179648K
  class space    used 16128K, committed 16704K, reserved 1048576K
}
Event: 157.349 GC heap after
{Heap after GC invocations=81 (full 0):
 garbage-first heap   total 308224K, used 238630K [0x00000000a0000000, 0x0000000100000000)
  region size 1024K, 3 young (3072K), 3 survivors (3072K)
 Metaspace       used 122847K, committed 123968K, reserved 1179648K
  class space    used 16128K, committed 16704K, reserved 1048576K
}
Event: 157.643 GC heap before
{Heap before GC invocations=81 (full 0):
 garbage-first heap   total 308224K, used 264230K [0x00000000a0000000, 0x0000000100000000)
  region size 1024K, 29 young (29696K), 3 survivors (3072K)
 Metaspace       used 122847K, committed 123968K, reserved 1179648K
  class space    used 16128K, committed 16704K, reserved 1048576K
}
Event: 157.648 GC heap after
{Heap after GC invocations=82 (full 0):
 garbage-first heap   total 308224K, used 239183K [0x00000000a0000000, 0x0000000100000000)
  region size 1024K, 3 young (3072K), 3 survivors (3072K)
 Metaspace       used 122847K, committed 123968K, reserved 1179648K
  class space    used 16128K, committed 16704K, reserved 1048576K
}
Event: 160.100 GC heap before
{Heap before GC invocations=82 (full 0):
 garbage-first heap   total 308224K, used 282191K [0x00000000a0000000, 0x0000000100000000)
  region size 1024K, 29 young (29696K), 3 survivors (3072K)
 Metaspace       used 123181K, committed 124288K, reserved 1179648K
  class space    used 16167K, committed 16704K, reserved 1048576K
}
Event: 160.105 GC heap after
{Heap after GC invocations=83 (full 0):
 garbage-first heap   total 308224K, used 267727K [0x00000000a0000000, 0x0000000100000000)
  region size 1024K, 4 young (4096K), 4 survivors (4096K)
 Metaspace       used 123181K, committed 124288K, reserved 1179648K
  class space    used 16167K, committed 16704K, reserved 1048576K
}
Event: 164.129 GC heap before
{Heap before GC invocations=84 (full 0):
 garbage-first heap   total 485376K, used 335311K [0x00000000a0000000, 0x0000000100000000)
  region size 1024K, 23 young (23552K), 4 survivors (4096K)
 Metaspace       used 124540K, committed 125696K, reserved 1179648K
  class space    used 16384K, committed 16960K, reserved 1048576K
}
Event: 164.132 GC heap after
{Heap after GC invocations=85 (full 0):
 garbage-first heap   total 485376K, used 323181K [0x00000000a0000000, 0x0000000100000000)
  region size 1024K, 3 young (3072K), 3 survivors (3072K)
 Metaspace       used 124540K, committed 125696K, reserved 1179648K
  class space    used 16384K, committed 16960K, reserved 1048576K
}
Event: 164.570 GC heap before
{Heap before GC invocations=85 (full 0):
 garbage-first heap   total 485376K, used 352877K [0x00000000a0000000, 0x0000000100000000)
  region size 1024K, 23 young (23552K), 3 survivors (3072K)
 Metaspace       used 126288K, committed 127424K, reserved 1179648K
  class space    used 16639K, committed 17216K, reserved 1048576K
}
Event: 164.576 GC heap after
{Heap after GC invocations=86 (full 0):
 garbage-first heap   total 485376K, used 293382K [0x00000000a0000000, 0x0000000100000000)
  region size 1024K, 2 young (2048K), 2 survivors (2048K)
 Metaspace       used 126288K, committed 127424K, reserved 1179648K
  class space    used 16639K, committed 17216K, reserved 1048576K
}
Event: 164.698 GC heap before
{Heap before GC invocations=86 (full 0):
 garbage-first heap   total 493568K, used 492038K [0x00000000a0000000, 0x0000000100000000)
  region size 1024K, 39 young (39936K), 2 survivors (2048K)
 Metaspace       used 126299K, committed 127424K, reserved 1179648K
  class space    used 16639K, committed 17216K, reserved 1048576K
}
Event: 164.703 GC heap after
{Heap after GC invocations=87 (full 0):
 garbage-first heap   total 509952K, used 375442K [0x00000000a0000000, 0x0000000100000000)
  region size 1024K, 10 young (10240K), 10 survivors (10240K)
 Metaspace       used 126299K, committed 127424K, reserved 1179648K
  class space    used 16639K, committed 17216K, reserved 1048576K
}
Event: 164.704 GC heap before
{Heap before GC invocations=87 (full 0):
 garbage-first heap   total 509952K, used 376466K [0x00000000a0000000, 0x0000000100000000)
  region size 1024K, 13 young (13312K), 10 survivors (10240K)
 Metaspace       used 126299K, committed 127424K, reserved 1179648K
  class space    used 16639K, committed 17216K, reserved 1048576K
}
Event: 164.707 GC heap after
{Heap after GC invocations=88 (full 0):
 garbage-first heap   total 509952K, used 377314K [0x00000000a0000000, 0x0000000100000000)
  region size 1024K, 2 young (2048K), 2 survivors (2048K)
 Metaspace       used 126299K, committed 127424K, reserved 1179648K
  class space    used 16639K, committed 17216K, reserved 1048576K
}

