# JRE version: OpenJDK Runtime Environment Microsoft-13106358 (17.0.18+8) (build 17.0.18+8-LTS)
# Java VM: OpenJDK 64-Bit Server VM Microsoft-13106358 (17.0.18+8-LTS, mixed mode, sharing, tiered, compressed oops, compressed class ptrs, g1 gc, windows-amd64)
GC Precious Log:
 CPUs: 16 total, 16 available
 Memory: 16122M
 Large Page Support: Disabled
 NUMA Support: Disabled
 Compressed Oops: Enabled (32-bit)
 Heap Region Size: 1M
 Heap Min Capacity: 8M
 Heap Initial Capacity: 252M
 Heap Max Capacity: 768M
 Pre-touch: Disabled
 Parallel Workers: 13
 Concurrent Workers: 3
 Concurrent Refinement Workers: 13
 Periodic GC: Disabled
Heap:
 garbage-first heap   total 278528K, used 156589K [0x00000000d0000000, 0x0000000100000000)
  region size 1024K, 17 young (17408K), 9 survivors (9216K)
 Metaspace       used 107248K, committed 108288K, reserved 1179648K
  class space    used 14763K, committed 15296K, reserved 1048576K
GC Heap History (20 events):
Event: 14.376 GC heap before
{Heap before GC invocations=36 (full 0):
 garbage-first heap   total 247808K, used 119102K [0x00000000d0000000, 0x0000000100000000)
  region size 1024K, 12 young (12288K), 8 survivors (8192K)
 Metaspace       used 99015K, committed 99968K, reserved 1179648K
  class space    used 13742K, committed 14208K, reserved 1048576K
}
Event: 14.379 GC heap after
{Heap after GC invocations=37 (full 0):
 garbage-first heap   total 247808K, used 117889K [0x00000000d0000000, 0x0000000100000000)
  region size 1024K, 1 young (1024K), 1 survivors (1024K)
 Metaspace       used 99015K, committed 99968K, reserved 1179648K
  class space    used 13742K, committed 14208K, reserved 1048576K
}
Event: 15.065 GC heap before
{Heap before GC invocations=38 (full 0):
 garbage-first heap   total 247808K, used 206977K [0x00000000d0000000, 0x0000000100000000)
  region size 1024K, 86 young (88064K), 1 survivors (1024K)
 Metaspace       used 102395K, committed 103296K, reserved 1179648K
  class space    used 14153K, committed 14592K, reserved 1048576K
}
Event: 15.071 GC heap after
{Heap after GC invocations=39 (full 0):
 garbage-first heap   total 247808K, used 126559K [0x00000000d0000000, 0x0000000100000000)
  region size 1024K, 11 young (11264K), 11 survivors (11264K)
 Metaspace       used 102395K, committed 103296K, reserved 1179648K
  class space    used 14153K, committed 14592K, reserved 1048576K
}
Event: 15.075 GC heap before
{Heap before GC invocations=39 (full 0):
 garbage-first heap   total 247808K, used 127583K [0x00000000d0000000, 0x0000000100000000)
  region size 1024K, 12 young (12288K), 11 survivors (11264K)
 Metaspace       used 102395K, committed 103296K, reserved 1179648K
  class space    used 14153K, committed 14592K, reserved 1048576K
}
Event: 15.080 GC heap after
{Heap after GC invocations=40 (full 0):
 garbage-first heap   total 247808K, used 126826K [0x00000000d0000000, 0x0000000100000000)
  region size 1024K, 2 young (2048K), 2 survivors (2048K)
 Metaspace       used 102395K, committed 103296K, reserved 1179648K
  class space    used 14153K, committed 14592K, reserved 1048576K
}
Event: 15.193 GC heap before
{Heap before GC invocations=40 (full 0):
 garbage-first heap   total 247808K, used 201578K [0x00000000d0000000, 0x0000000100000000)
  region size 1024K, 75 young (76800K), 2 survivors (2048K)
 Metaspace       used 102430K, committed 103360K, reserved 1179648K
  class space    used 14153K, committed 14592K, reserved 1048576K
}
Event: 15.195 GC heap after
{Heap after GC invocations=41 (full 0):
 garbage-first heap   total 247808K, used 129605K [0x00000000d0000000, 0x0000000100000000)
  region size 1024K, 5 young (5120K), 5 survivors (5120K)
 Metaspace       used 102430K, committed 103360K, reserved 1179648K
  class space    used 14153K, committed 14592K, reserved 1048576K
}
Event: 15.435 GC heap before
{Heap before GC invocations=41 (full 0):
 garbage-first heap   total 247808K, used 202309K [0x00000000d0000000, 0x0000000100000000)
  region size 1024K, 77 young (78848K), 5 survivors (5120K)
 Metaspace       used 102721K, committed 103616K, reserved 1179648K
  class space    used 14193K, committed 14656K, reserved 1048576K
}
Event: 15.438 GC heap after
{Heap after GC invocations=42 (full 0):
 garbage-first heap   total 247808K, used 133023K [0x00000000d0000000, 0x0000000100000000)
  region size 1024K, 8 young (8192K), 8 survivors (8192K)
 Metaspace       used 102721K, committed 103616K, reserved 1179648K
  class space    used 14193K, committed 14656K, reserved 1048576K
}
Event: 15.564 GC heap before
{Heap before GC invocations=42 (full 0):
 garbage-first heap   total 247808K, used 202655K [0x00000000d0000000, 0x0000000100000000)
  region size 1024K, 77 young (78848K), 8 survivors (8192K)
 Metaspace       used 102810K, committed 103744K, reserved 1179648K
  class space    used 14202K, committed 14656K, reserved 1048576K
}
Event: 15.569 GC heap after
{Heap after GC invocations=43 (full 0):
 garbage-first heap   total 247808K, used 135488K [0x00000000d0000000, 0x0000000100000000)
  region size 1024K, 6 young (6144K), 6 survivors (6144K)
 Metaspace       used 102810K, committed 103744K, reserved 1179648K
  class space    used 14202K, committed 14656K, reserved 1048576K
}
Event: 15.881 GC heap before
{Heap before GC invocations=44 (full 0):
 garbage-first heap   total 278528K, used 203072K [0x00000000d0000000, 0x0000000100000000)
  region size 1024K, 73 young (74752K), 6 survivors (6144K)
 Metaspace       used 103157K, committed 104064K, reserved 1179648K
  class space    used 14244K, committed 14720K, reserved 1048576K
}
Event: 15.886 GC heap after
{Heap after GC invocations=45 (full 0):
 garbage-first heap   total 278528K, used 139360K [0x00000000d0000000, 0x0000000100000000)
  region size 1024K, 10 young (10240K), 10 survivors (10240K)
 Metaspace       used 103157K, committed 104064K, reserved 1179648K
  class space    used 14244K, committed 14720K, reserved 1048576K
}
Event: 15.891 GC heap before
{Heap before GC invocations=45 (full 0):
 garbage-first heap   total 278528K, used 142432K [0x00000000d0000000, 0x0000000100000000)
  region size 1024K, 13 young (13312K), 10 survivors (10240K)
 Metaspace       used 103157K, committed 104064K, reserved 1179648K
  class space    used 14244K, committed 14720K, reserved 1048576K
}
Event: 15.894 GC heap after
{Heap after GC invocations=46 (full 0):
 garbage-first heap   total 278528K, used 137627K [0x00000000d0000000, 0x0000000100000000)
  region size 1024K, 2 young (2048K), 2 survivors (2048K)
 Metaspace       used 103157K, committed 104064K, reserved 1179648K
  class space    used 14244K, committed 14720K, reserved 1048576K
}
Event: 16.521 GC heap before
{Heap before GC invocations=46 (full 0):
 garbage-first heap   total 278528K, used 227739K [0x00000000d0000000, 0x0000000100000000)
  region size 1024K, 91 young (93184K), 2 survivors (2048K)
 Metaspace       used 105717K, committed 106688K, reserved 1179648K
  class space    used 14536K, committed 14976K, reserved 1048576K
}
Event: 16.527 GC heap after
{Heap after GC invocations=47 (full 0):
 garbage-first heap   total 278528K, used 143419K [0x00000000d0000000, 0x0000000100000000)
  region size 1024K, 8 young (8192K), 8 survivors (8192K)
 Metaspace       used 105717K, committed 106688K, reserved 1179648K
  class space    used 14536K, committed 14976K, reserved 1048576K
}
Event: 16.672 GC heap before
{Heap before GC invocations=47 (full 0):
 garbage-first heap   total 278528K, used 227387K [0x00000000d0000000, 0x0000000100000000)
  region size 1024K, 91 young (93184K), 8 survivors (8192K)
 Metaspace       used 107119K, committed 108096K, reserved 1179648K
  class space    used 14741K, committed 15232K, reserved 1048576K
}
Event: 16.678 GC heap after
{Heap after GC invocations=48 (full 0):
 garbage-first heap   total 278528K, used 147211K [0x00000000d0000000, 0x0000000100000000)
  region size 1024K, 7 young (7168K), 7 survivors (7168K)
 Metaspace       used 107119K, committed 108096K, reserved 1179648K
  class space    used 14741K, committed 15232K, reserved 1048576K
}

